[debug] [2020-11-04T13:13:45.318Z] ----------------------------------------------------------------------
[debug] [2020-11-04T13:13:45.322Z] Command:       C:\Program Files\nodejs\node.exe C:\Users\Siti Masyruhatin\AppData\Roaming\npm\node_modules\firebase-tools\lib\bin\firebase.js init
[debug] [2020-11-04T13:13:45.322Z] CLI Version:   8.14.1
[debug] [2020-11-04T13:13:45.322Z] Platform:      win32
[debug] [2020-11-04T13:13:45.323Z] Node Version:  v12.18.2
[debug] [2020-11-04T13:13:45.323Z] Time:          Wed Nov 04 2020 21:13:45 GMT+0800 (Singapore Standard Time)
[debug] [2020-11-04T13:13:45.324Z] ----------------------------------------------------------------------
[debug] [2020-11-04T13:13:45.324Z] 
[debug] [2020-11-04T13:13:45.338Z] > command requires scopes: ["email","openid","https://www.googleapis.com/auth/cloudplatformprojects.readonly","https://www.googleapis.com/auth/firebase","https://www.googleapis.com/auth/cloud-platform"]
[debug] [2020-11-04T13:13:45.339Z] > authorizing via signed-in user
[info] 
     ######## #### ########  ######## ########     ###     ######  ########
     ##        ##  ##     ## ##       ##     ##  ##   ##  ##       ##
     ######    ##  ########  ######   ########  #########  ######  ######
     ##        ##  ##    ##  ##       ##     ## ##     ##       ## ##
     ##       #### ##     ## ######## ########  ##     ##  ######  ########

You're about to initialize a Firebase project in this directory:

  E:\Dicoding\PWA\Submission2_PWA_SitiMasyruhatin

[info] 
=== Project Setup
[info] 
[info] First, let's associate this project directory with a Firebase project.
[info] You can create multiple project aliases by running firebase use --add, 
[info] but for now we'll just set up a default project.
[info] 
[debug] [2020-11-04T13:15:44.655Z] > refreshing access token with scopes: ["email","https://www.googleapis.com/auth/cloud-platform","https://www.googleapis.com/auth/cloudplatformprojects.readonly","https://www.googleapis.com/auth/firebase","openid"]
[debug] [2020-11-04T13:15:44.656Z] >>> HTTP REQUEST POST https://www.googleapis.com/oauth2/v3/token  
 <request body omitted>
[debug] [2020-11-04T13:15:44.961Z] <<< HTTP RESPONSE 200 {"cache-control":"no-cache, no-store, max-age=0, must-revalidate","pragma":"no-cache","expires":"Mon, 01 Jan 1990 00:00:00 GMT","date":"Wed, 04 Nov 2020 13:15:45 GMT","content-type":"application/json; charset=utf-8","vary":"X-Origin, Referer, Origin,Accept-Encoding","server":"scaffolding on HTTPServer2","x-xss-protection":"0","x-frame-options":"SAMEORIGIN","x-content-type-options":"nosniff","alt-svc":"h3-Q050=\":443\"; ma=2592000,h3-29=\":443\"; ma=2592000,h3-T051=\":443\"; ma=2592000,h3-T050=\":443\"; ma=2592000,h3-Q046=\":443\"; ma=2592000,h3-Q043=\":443\"; ma=2592000,quic=\":443\"; ma=2592000; v=\"46,43\"","accept-ranges":"none","transfer-encoding":"chunked"}
[debug] [2020-11-04T13:15:44.973Z] >>> HTTP REQUEST GET https://firebase.googleapis.com/v1beta1/projects?pageSize=100  
 
[debug] [2020-11-04T13:15:45.594Z] <<< HTTP RESPONSE 200 {"content-type":"application/json; charset=UTF-8","vary":"X-Origin, Referer, Origin,Accept-Encoding","date":"Wed, 04 Nov 2020 13:15:46 GMT","server":"ESF","cache-control":"private","x-xss-protection":"0","x-frame-options":"SAMEORIGIN","x-content-type-options":"nosniff","alt-svc":"h3-Q050=\":443\"; ma=2592000,h3-29=\":443\"; ma=2592000,h3-T051=\":443\"; ma=2592000,h3-T050=\":443\"; ma=2592000,h3-Q046=\":443\"; ma=2592000,h3-Q043=\":443\"; ma=2592000,quic=\":443\"; ma=2592000; v=\"46,43\"","accept-ranges":"none","transfer-encoding":"chunked"}
[info] i  Using project premier-league-app-647ea (Premier League App) 
[info] 
=== Hosting Setup
[info] 
[info] Your public directory is the folder (relative to your project directory) that
[info] will contain Hosting assets to be uploaded with firebase deploy. If you
[info] have a build process for your assets, use your build's output directory.
[info] 
